2025-03-12T16:41:01.487+08:00  INFO 4208 --- [main] com.kg.kg.KgApplication                  : Starting KgApplication using Java 17.0.9 with PID 4208 (D:\develop\code\esi\esiKG_server\target\classes started by sheng in D:\develop\code\esi\esiKG_server)
2025-03-12T16:41:01.494+08:00 DEBUG 4208 --- [main] com.kg.kg.KgApplication                  : Running with Spring Boot v3.1.5, Spring v6.0.13
2025-03-12T16:41:01.496+08:00  INFO 4208 --- [main] com.kg.kg.KgApplication                  : No active profile set, falling back to 1 default profile: "default"
2025-03-12T16:41:03.126+08:00  INFO 4208 --- [main] com.kg.kg.filter.INRequestFilter         : Initializing RequestLoggingFilter
2025-03-12T16:41:03.341+08:00  WARN 4208 --- [main] c.b.m.core.metadata.TableInfoHelper      : Can not find table primary key in Class: "com.kg.kg.entities.InstitutionData".
2025-03-12T16:41:03.346+08:00  WARN 4208 --- [main] c.b.m.core.injector.DefaultSqlInjector   : class com.kg.kg.entities.InstitutionData ,Not found @TableId annotation, Cannot use Mybatis-Plus 'xxById' Method.
2025-03-12T16:41:03.453+08:00  WARN 4208 --- [main] c.b.m.core.metadata.TableInfoHelper      : Can not find table primary key in Class: "com.kg.kg.entities.InstitutionTotal".
2025-03-12T16:41:03.454+08:00  WARN 4208 --- [main] c.b.m.core.injector.DefaultSqlInjector   : class com.kg.kg.entities.InstitutionTotal ,Not found @TableId annotation, Cannot use Mybatis-Plus 'xxById' Method.
2025-03-12T16:41:03.475+08:00  WARN 4208 --- [main] c.b.m.core.metadata.TableInfoHelper      : Can not find table primary key in Class: "com.kg.kg.entities.InstitutionAU".
2025-03-12T16:41:03.476+08:00  WARN 4208 --- [main] c.b.m.core.injector.DefaultSqlInjector   : class com.kg.kg.entities.InstitutionAU ,Not found @TableId annotation, Cannot use Mybatis-Plus 'xxById' Method.
2025-03-12T16:41:04.158+08:00  WARN 4208 --- [main] c.b.m.core.metadata.TableInfoHelper      : This "ID" is the table primary key by default name for `id` in Class: "com.kg.kg.entities.Paper",So @TableField will not work!
2025-03-12T16:41:04.645+08:00  INFO 4208 --- [main] com.kg.kg.KgApplication                  : Started KgApplication in 3.683 seconds (process running for 4.589)
2025-03-12T16:42:00.030+08:00  INFO 4208 --- [http-nio-8088-exec-1] com.kg.kg.controller.PageController      : kgPaper: KgPaper(id=2, ti=<span style='color:red'>Python</span> Programming Basics, au=John Smith, ab=An introduction to the fundamental concepts of <span style='color:red'>Python</span> programming., z9=Programming, py=2018, wc=200, so=ABC Publishing, cr=9781234567890, citedPapersIds=[5, 6])
2025-03-12T16:42:00.042+08:00  INFO 4208 --- [http-nio-8088-exec-1] com.kg.kg.controller.PageController      : kgPaper: KgPaper(id=6, ti=<span style='color:red'>Python</span> Programming in Data Science: Key Concepts and Practical Examples, au=John Smith, Sarah Johnson, ab=This paper focuses on <span style='color:red'>Python</span> programming techniques specifically tailored for data science tasks.It builds on the fundamental concepts of <span style='color:red'>Python</span> programming, providing hands-on examples to illustratehow <span style='color:red'>Python</span> is harnessed for data analysis, machine learning, and visualization., z9=Programming, py=2021, wc=300, so=XYZ Data Press, cr=9784444444444, citedPapersIds=[2, 8, 9])
2025-03-12T16:42:00.596+08:00  INFO 4208 --- [http-nio-8088-exec-2] com.kg.kg.controller.PageController      : kgPaper: KgPaper(id=2, ti=<span style='color:red'>Python</span> Programming Basics, au=John Smith, ab=An introduction to the fundamental concepts of <span style='color:red'>Python</span> programming., z9=Programming, py=2018, wc=200, so=ABC Publishing, cr=9781234567890, citedPapersIds=[5, 6])
2025-03-12T16:42:00.596+08:00  INFO 4208 --- [http-nio-8088-exec-2] com.kg.kg.controller.PageController      : kgPaper: KgPaper(id=6, ti=<span style='color:red'>Python</span> Programming in Data Science: Key Concepts and Practical Examples, au=John Smith, Sarah Johnson, ab=This paper focuses on <span style='color:red'>Python</span> programming techniques specifically tailored for data science tasks.It builds on the fundamental concepts of <span style='color:red'>Python</span> programming, providing hands-on examples to illustratehow <span style='color:red'>Python</span> is harnessed for data analysis, machine learning, and visualization., z9=Programming, py=2021, wc=300, so=XYZ Data Press, cr=9784444444444, citedPapersIds=[2, 8, 9])
2025-03-12T16:42:21.139+08:00  INFO 4208 --- [http-nio-8088-exec-4] com.kg.kg.filter.INRequestFilter         : Request URI: /Institutions/InstitutionList
2025-03-12T16:42:21.140+08:00  INFO 4208 --- [http-nio-8088-exec-4] com.kg.kg.filter.INRequestFilter         : Request Method: GET
2025-03-12T16:42:21.141+08:00  INFO 4208 --- [http-nio-8088-exec-4] com.kg.kg.filter.INRequestFilter         : Query String: institutionName=Biomed%20Research%20Center
2025-03-12T16:42:21.142+08:00  INFO 4208 --- [http-nio-8088-exec-4] com.kg.kg.filter.INRequestFilter         : Request Parameters: {institutionName=Biomed Research Center}
2025-03-12T16:42:23.309+08:00 DEBUG 4208 --- [http-nio-8088-exec-4] c.k.k.r.I.selectInstitutionName          : ==>  Preparing: SELECT DISTINCT InstitutionName FROM b_institution WHERE InstitutionName LIKE CONCAT(?, '%')
2025-03-12T16:42:23.358+08:00 DEBUG 4208 --- [http-nio-8088-exec-4] c.k.k.r.I.selectInstitutionName          : ==> Parameters: Biomed Research Center(String)
2025-03-12T16:42:23.513+08:00 DEBUG 4208 --- [http-nio-8088-exec-4] c.k.k.r.I.selectInstitutionName          : <==      Total: 0
2025-03-12T16:42:23.760+08:00  INFO 4208 --- [http-nio-8088-exec-4] com.kg.kg.filter.INRequestFilter         : Request to [/Institutions/InstitutionList] completed in 2607 ms
2025-03-12T16:42:42.847+08:00  INFO 4208 --- [http-nio-8088-exec-7] com.kg.kg.controller.PageController      : kgPaper: KgPaper(id=2, ti=<span style='color:red'>Python</span> Programming Basics, au=John Smith, ab=An introduction to the fundamental concepts of <span style='color:red'>Python</span> programming., z9=Programming, py=2018, wc=200, so=ABC Publishing, cr=9781234567890, citedPapersIds=[5, 6])
2025-03-12T16:42:42.848+08:00  INFO 4208 --- [http-nio-8088-exec-7] com.kg.kg.controller.PageController      : kgPaper: KgPaper(id=6, ti=<span style='color:red'>Python</span> Programming in Data Science: Key Concepts and Practical Examples, au=John Smith, Sarah Johnson, ab=This paper focuses on <span style='color:red'>Python</span> programming techniques specifically tailored for data science tasks.It builds on the fundamental concepts of <span style='color:red'>Python</span> programming, providing hands-on examples to illustratehow <span style='color:red'>Python</span> is harnessed for data analysis, machine learning, and visualization., z9=Programming, py=2021, wc=300, so=XYZ Data Press, cr=9784444444444, citedPapersIds=[2, 8, 9])
2025-03-12T16:51:14.520+08:00  INFO 4208 --- [http-nio-8088-exec-9] com.kg.kg.controller.PageController      : kgPaper: KgPaper(id=2, ti=<span style='color:red'>Python</span> Programming Basics, au=John Smith, ab=An introduction to the fundamental concepts of <span style='color:red'>Python</span> programming., z9=Programming, py=2018, wc=200, so=ABC Publishing, cr=9781234567890, citedPapersIds=[5, 6])
2025-03-12T16:51:14.521+08:00  INFO 4208 --- [http-nio-8088-exec-9] com.kg.kg.controller.PageController      : kgPaper: KgPaper(id=6, ti=<span style='color:red'>Python</span> Programming in Data Science: Key Concepts and Practical Examples, au=John Smith, Sarah Johnson, ab=This paper focuses on <span style='color:red'>Python</span> programming techniques specifically tailored for data science tasks.It builds on the fundamental concepts of <span style='color:red'>Python</span> programming, providing hands-on examples to illustratehow <span style='color:red'>Python</span> is harnessed for data analysis, machine learning, and visualization., z9=Programming, py=2021, wc=300, so=XYZ Data Press, cr=9784444444444, citedPapersIds=[2, 8, 9])
2025-03-12T16:52:36.523+08:00  INFO 4208 --- [http-nio-8088-exec-1] com.kg.kg.filter.INRequestFilter         : Request URI: /Institutions/InstitutionList
2025-03-12T16:52:36.556+08:00  INFO 4208 --- [http-nio-8088-exec-1] com.kg.kg.filter.INRequestFilter         : Request Method: GET
2025-03-12T16:52:36.557+08:00  INFO 4208 --- [http-nio-8088-exec-1] com.kg.kg.filter.INRequestFilter         : Query String: institutionName=Biomed%20Research%20Center
2025-03-12T16:52:36.557+08:00  INFO 4208 --- [http-nio-8088-exec-1] com.kg.kg.filter.INRequestFilter         : Request Parameters: {institutionName=Biomed Research Center}
2025-03-12T16:52:36.563+08:00 DEBUG 4208 --- [http-nio-8088-exec-1] c.k.k.r.I.selectInstitutionName          : ==>  Preparing: SELECT DISTINCT InstitutionName FROM b_institution WHERE InstitutionName LIKE CONCAT(?, '%')
2025-03-12T16:52:36.565+08:00 DEBUG 4208 --- [http-nio-8088-exec-1] c.k.k.r.I.selectInstitutionName          : ==> Parameters: Biomed Research Center(String)
2025-03-12T16:52:36.569+08:00 DEBUG 4208 --- [http-nio-8088-exec-1] c.k.k.r.I.selectInstitutionName          : <==      Total: 0
2025-03-12T16:52:36.572+08:00  INFO 4208 --- [http-nio-8088-exec-1] com.kg.kg.filter.INRequestFilter         : Request to [/Institutions/InstitutionList] completed in 49 ms
2025-03-12T16:52:38.315+08:00  INFO 4208 --- [http-nio-8088-exec-2] com.kg.kg.filter.INRequestFilter         : Request URI: /Institutions/InstitutionList
2025-03-12T16:52:38.316+08:00  INFO 4208 --- [http-nio-8088-exec-2] com.kg.kg.filter.INRequestFilter         : Request Method: GET
2025-03-12T16:52:38.316+08:00  INFO 4208 --- [http-nio-8088-exec-2] com.kg.kg.filter.INRequestFilter         : Query String: institutionName=Biom
2025-03-12T16:52:38.316+08:00  INFO 4208 --- [http-nio-8088-exec-2] com.kg.kg.filter.INRequestFilter         : Request Parameters: {institutionName=Biom}
2025-03-12T16:52:38.322+08:00 DEBUG 4208 --- [http-nio-8088-exec-2] c.k.k.r.I.selectInstitutionName          : ==>  Preparing: SELECT DISTINCT InstitutionName FROM b_institution WHERE InstitutionName LIKE CONCAT(?, '%')
2025-03-12T16:52:38.324+08:00 DEBUG 4208 --- [http-nio-8088-exec-2] c.k.k.r.I.selectInstitutionName          : ==> Parameters: Biom(String)
2025-03-12T16:52:38.368+08:00 DEBUG 4208 --- [http-nio-8088-exec-2] c.k.k.r.I.selectInstitutionName          : <==      Total: 11
2025-03-12T16:52:38.390+08:00  INFO 4208 --- [http-nio-8088-exec-2] com.kg.kg.filter.INRequestFilter         : Request to [/Institutions/InstitutionList] completed in 75 ms
2025-03-12T16:52:38.862+08:00  INFO 4208 --- [http-nio-8088-exec-3] com.kg.kg.filter.INRequestFilter         : Request URI: /Institutions/InstitutionList
2025-03-12T16:52:38.863+08:00  INFO 4208 --- [http-nio-8088-exec-3] com.kg.kg.filter.INRequestFilter         : Request Method: GET
2025-03-12T16:52:38.863+08:00  INFO 4208 --- [http-nio-8088-exec-3] com.kg.kg.filter.INRequestFilter         : Query String: institutionName=Bio
2025-03-12T16:52:38.863+08:00  INFO 4208 --- [http-nio-8088-exec-3] com.kg.kg.filter.INRequestFilter         : Request Parameters: {institutionName=Bio}
2025-03-12T16:52:38.883+08:00 DEBUG 4208 --- [http-nio-8088-exec-3] c.k.k.r.I.selectInstitutionName          : ==>  Preparing: SELECT DISTINCT InstitutionName FROM b_institution WHERE InstitutionName LIKE CONCAT(?, '%')
2025-03-12T16:52:38.884+08:00 DEBUG 4208 --- [http-nio-8088-exec-3] c.k.k.r.I.selectInstitutionName          : ==> Parameters: Bio(String)
2025-03-12T16:52:38.892+08:00 DEBUG 4208 --- [http-nio-8088-exec-3] c.k.k.r.I.selectInstitutionName          : <==      Total: 34
2025-03-12T16:52:38.898+08:00  INFO 4208 --- [http-nio-8088-exec-3] com.kg.kg.filter.INRequestFilter         : Request to [/Institutions/InstitutionList] completed in 36 ms
2025-03-12T16:52:39.364+08:00  INFO 4208 --- [http-nio-8088-exec-5] com.kg.kg.filter.INRequestFilter         : Request URI: /Institutions/InstitutionMessage
2025-03-12T16:52:39.365+08:00  INFO 4208 --- [http-nio-8088-exec-4] com.kg.kg.filter.INRequestFilter         : Request URI: /Institutions/AUMessage
2025-03-12T16:52:39.365+08:00  INFO 4208 --- [http-nio-8088-exec-5] com.kg.kg.filter.INRequestFilter         : Request Method: GET
2025-03-12T16:52:39.365+08:00  INFO 4208 --- [http-nio-8088-exec-4] com.kg.kg.filter.INRequestFilter         : Request Method: GET
2025-03-12T16:52:39.367+08:00  INFO 4208 --- [http-nio-8088-exec-4] com.kg.kg.filter.INRequestFilter         : Query String: institutionName=Bio%20%26%20Nanotechnol%20Ctr
2025-03-12T16:52:39.368+08:00  INFO 4208 --- [http-nio-8088-exec-4] com.kg.kg.filter.INRequestFilter         : Request Parameters: {institutionName=Bio & Nanotechnol Ctr}
2025-03-12T16:52:39.368+08:00  INFO 4208 --- [http-nio-8088-exec-5] com.kg.kg.filter.INRequestFilter         : Query String: institutionName=Bio%20%26%20Nanotechnol%20Ctr
2025-03-12T16:52:39.371+08:00  INFO 4208 --- [http-nio-8088-exec-5] com.kg.kg.filter.INRequestFilter         : Request Parameters: {institutionName=Bio & Nanotechnol Ctr}
2025-03-12T16:52:39.377+08:00 DEBUG 4208 --- [http-nio-8088-exec-5] c.k.k.r.I.selectTotalData                : ==>  Preparing: SELECT * FROM b_institutiontotal WHERE InstitutionName = ? AND SC = 'total'
2025-03-12T16:52:39.378+08:00 DEBUG 4208 --- [http-nio-8088-exec-5] c.k.k.r.I.selectTotalData                : ==> Parameters: Bio & Nanotechnol Ctr(String)
2025-03-12T16:52:39.378+08:00 DEBUG 4208 --- [http-nio-8088-exec-4] c.k.k.r.I.findByInstitutionName          : ==>  Preparing: SELECT * FROM b_institutionau WHERE InstitutionName = ? AND SC = 'total'
2025-03-12T16:52:39.379+08:00 DEBUG 4208 --- [http-nio-8088-exec-4] c.k.k.r.I.findByInstitutionName          : ==> Parameters: Bio & Nanotechnol Ctr(String)
2025-03-12T16:52:39.455+08:00 DEBUG 4208 --- [http-nio-8088-exec-5] c.k.k.r.I.selectTotalData                : <==      Total: 1
2025-03-12T16:52:39.457+08:00 DEBUG 4208 --- [http-nio-8088-exec-5] c.k.k.r.I.selectSCData                   : ==>  Preparing: SELECT SC FROM b_institutiontotal WHERE InstitutionName = ?
2025-03-12T16:52:39.458+08:00 DEBUG 4208 --- [http-nio-8088-exec-5] c.k.k.r.I.selectSCData                   : ==> Parameters: Bio & Nanotechnol Ctr(String)
2025-03-12T16:52:39.461+08:00 DEBUG 4208 --- [http-nio-8088-exec-5] c.k.k.r.I.selectSCData                   : <==      Total: 3
2025-03-12T16:52:39.476+08:00  INFO 4208 --- [http-nio-8088-exec-5] com.kg.kg.filter.INRequestFilter         : Request to [/Institutions/InstitutionMessage] completed in 112 ms
2025-03-12T16:52:39.482+08:00 DEBUG 4208 --- [http-nio-8088-exec-4] c.k.k.r.I.findByInstitutionName          : <==      Total: 3
2025-03-12T16:52:39.490+08:00  INFO 4208 --- [http-nio-8088-exec-4] com.kg.kg.filter.INRequestFilter         : Request to [/Institutions/AUMessage] completed in 126 ms
2025-03-12T16:52:39.615+08:00  INFO 4208 --- [http-nio-8088-exec-6] com.kg.kg.filter.INRequestFilter         : Request URI: /Institutions/InstitutionTotalMessage
2025-03-12T16:52:39.616+08:00  INFO 4208 --- [http-nio-8088-exec-6] com.kg.kg.filter.INRequestFilter         : Request Method: GET
2025-03-12T16:52:39.616+08:00  INFO 4208 --- [http-nio-8088-exec-6] com.kg.kg.filter.INRequestFilter         : Query String: institutionName=Bio%20%26%20Nanotechnol%20Ctr
2025-03-12T16:52:39.616+08:00  INFO 4208 --- [http-nio-8088-exec-6] com.kg.kg.filter.INRequestFilter         : Request Parameters: {institutionName=Bio & Nanotechnol Ctr}
2025-03-12T16:52:39.620+08:00 DEBUG 4208 --- [http-nio-8088-exec-6] c.k.k.r.I.selectInstitutionData          : ==>  Preparing: SELECT * FROM b_institutiontotal WHERE InstitutionName = ?
2025-03-12T16:52:39.621+08:00 DEBUG 4208 --- [http-nio-8088-exec-6] c.k.k.r.I.selectInstitutionData          : ==> Parameters: Bio & Nanotechnol Ctr(String)
2025-03-12T16:52:39.626+08:00 DEBUG 4208 --- [http-nio-8088-exec-6] c.k.k.r.I.selectInstitutionData          : <==      Total: 3
2025-03-12T16:52:39.676+08:00  INFO 4208 --- [http-nio-8088-exec-6] com.kg.kg.filter.INRequestFilter         : Request to [/Institutions/InstitutionTotalMessage] completed in 61 ms
2025-03-12T17:28:13.962+08:00  WARN 4208 --- [HikariPool-1 housekeeper] com.zaxxer.hikari.pool.HikariPool        : HikariPool-1 - Thread starvation or clock leap detected (housekeeper delta=50s13ms500µs201ns).
2025-03-12T17:37:18.432+08:00  WARN 4208 --- [HikariPool-1 housekeeper] com.zaxxer.hikari.pool.HikariPool        : HikariPool-1 - Thread starvation or clock leap detected (housekeeper delta=4m4s558ms980µs600ns).
2025-03-12T17:45:33.655+08:00  WARN 4208 --- [HikariPool-1 housekeeper] com.zaxxer.hikari.pool.HikariPool        : HikariPool-1 - Thread starvation or clock leap detected (housekeeper delta=3m15s304ms121µs201ns).
2025-03-12T20:39:59.859+08:00  WARN 4208 --- [HikariPool-1 housekeeper] com.zaxxer.hikari.pool.HikariPool        : HikariPool-1 - Thread starvation or clock leap detected (housekeeper delta=2h33m56s12ms493µs100ns).
